<?xml version="1.0" encoding="UTF-8"?>
<!-- Generated by org.testng.reporters.JUnitReportReporter -->
<testsuite hostname="NICDM193" failures="0" tests="1" name="TestCases.loginTestCase" time="10.267" errors="0" timestamp="2022-02-02T17:06:10 IST" skipped="0">
  <testcase classname="TestCases.loginTestCase" name="login" time="10.267"/>
  <system-out/>
</testsuite> <!-- TestCases.loginTestCase -->
